Wed Sep 21 01:00:43 WEST 2016
-- The C compiler identification is GNU 4.2.1
-- The CXX compiler identification is GNU 4.2.1
-- Check for working C compiler: /usr/bin/cc
-- Check for working C compiler: /usr/bin/cc -- works
-- Detecting C compiler ABI info
-- Detecting C compiler ABI info - done
-- Detecting C compile features
-- Detecting C compile features - done
-- Check for working CXX compiler: /usr/bin/c++
-- Check for working CXX compiler: /usr/bin/c++ -- works
-- Detecting CXX compiler ABI info
-- Detecting CXX compiler ABI info - done
-- Detecting CXX compile features
-- Detecting CXX compile features - done
-- Found GNU Make at /usr/local/bin/gmake
-- Found PkgConfig: /usr/bin/pkg-config (found version "0.27.1") 
-- Configuring done
-- Generating done
-- Build files have been written to: /tmp/tmp.UK0p6DgMzP/.deps
Scanning dependencies of target libuv
[  1%] Creating directories for 'libuv'
[  2%] Performing download step for 'libuv'
-- file: /tmp/tmp.UK0p6DgMzP/.deps/build/downloads/libuv/v1.9.1.tar.gz
-- downloading...
     src='https://github.com/libuv/libuv/archive/v1.9.1.tar.gz'
     dst='/tmp/tmp.UK0p6DgMzP/.deps/build/downloads/libuv/v1.9.1.tar.gz'
     timeout='none'
-- downloading... done
-- extracting...
     src='/tmp/tmp.UK0p6DgMzP/.deps/build/downloads/libuv/v1.9.1.tar.gz'
     dst='/tmp/tmp.UK0p6DgMzP/.deps/build/src/libuv'
-- extracting... [tar xfz]
-- extracting... [analysis]
-- extracting... [rename]
-- extracting... [clean up]
-- extracting... done
[  3%] No patch step for 'libuv'
[  4%] No update step for 'libuv'
[  5%] Performing configure step for 'libuv'
Provide an AUTOMAKE_VERSION environment variable, please
+ libtoolize --copy
libtoolize: putting auxiliary files in `.'.
libtoolize: copying file `./ltmain.sh'
libtoolize: putting macros in AC_CONFIG_MACRO_DIR, `m4'.
libtoolize: copying file `m4/libtool.m4'
libtoolize: copying file `m4/ltoptions.m4'
libtoolize: copying file `m4/ltsugar.m4'
libtoolize: copying file `m4/ltversion.m4'
libtoolize: copying file `m4/lt~obsolete.m4'
+ aclocal -I m4
Provide an AUTOMAKE_VERSION environment variable, please
gmake[2]: *** [CMakeFiles/libuv.dir/build.make:106: build/src/libuv-stamp/libuv-configure] Error 127
gmake[1]: *** [CMakeFiles/Makefile2:100: CMakeFiles/libuv.dir/all] Error 2
gmake: *** [Makefile:84: all] Error 2
